<?xml version="1.0" encoding="UTF-8"?>
<testsuite xmlns:xsi="http://www.w3.org/2001/XMLSchema-instance" xsi:noNamespaceSchemaLocation="https://maven.apache.org/surefire/maven-surefire-plugin/xsd/surefire-test-report-3.0.xsd" version="3.0" name="com.p3.gruppe4.Gruppe4ApplicationTests" time="3.27" tests="1" errors="0" skipped="0" failures="0">
  <properties>
[...]
</properties>
  <testcase name="contextLoads" classname="com.p3.gruppe4.Gruppe4ApplicationTests" time="1.509">
    <system-out><![CDATA[10:44:36.843 [main] INFO org.springframework.test.context.support.AnnotationConfigContextLoaderUtils -- Could not detect default configuration classes for test class [com.p3.gruppe4.Gruppe4ApplicationTests]: Gruppe4ApplicationTests does not declare any static, non-private, non-final, nested classes annotated with @Configuration.
10:44:36.978 [main] INFO org.springframework.boot.test.context.SpringBootTestContextBootstrapper -- Found @SpringBootConfiguration com.p3.gruppe4.Gruppe4Application for test class com.p3.gruppe4.Gruppe4ApplicationTests

  .   ____          _            __ _ _
 /\\ / ___'_ __ _ _(_)_ __  __ _ \ \ \ \
( ( )\___ | '_ | '_| | '_ \/ _` | \ \ \ \
 \\/  ___)| |_)| | | | | || (_| |  ) ) ) )
  '  |____| .__|_| |_|_| |_\__, | / / / /
 =========|_|==============|___/=/_/_/_/
 :: Spring Boot ::                (v3.1.4)

2023-10-04T10:44:37.485+02:00  INFO 71222 --- [           main] com.p3.gruppe4.Gruppe4ApplicationTests   : Starting Gruppe4ApplicationTests using Java 21 with PID 71222 (started by davidfraenkel in /Users/davidfraenkel/p3)
2023-10-04T10:44:37.487+02:00  INFO 71222 --- [           main] com.p3.gruppe4.Gruppe4ApplicationTests   : No active profile set, falling back to 1 default profile: "default"
2023-10-04T10:44:38.252+02:00  INFO 71222 --- [           main] com.p3.gruppe4.Gruppe4ApplicationTests   : Started Gruppe4ApplicationTests in 1.129 seconds (process running for 2.681)
]]></system-out>
    <system-err><![CDATA[WARNING: A Java agent has been loaded dynamically (/Users/davidfraenkel/.m2/repository/net/bytebuddy/byte-buddy-agent/1.14.8/byte-buddy-agent-1.14.8.jar)
WARNING: If a serviceability tool is in use, please run with -XX:+EnableDynamicAgentLoading to hide this warning
WARNING: If a serviceability tool is not in use, please run with -Djdk.instrument.traceUsage for more information
WARNING: Dynamic loading of agents will be disallowed by default in a future release
]]></system-err>
  </testcase>
</testsuite>